
*** Running vivado
    with args -log fifo_generator_0.vds -m64 -product Vivado -mode batch -messageDb vivado.pb -notrace -source fifo_generator_0.tcl


****** Vivado v2017.2 (64-bit)
  **** SW Build 1909853 on Thu Jun 15 18:39:10 MDT 2017
  **** IP Build 1909766 on Thu Jun 15 19:58:00 MDT 2017
    ** Copyright 1986-2017 Xilinx, Inc. All Rights Reserved.

source fifo_generator_0.tcl -notrace
Starting RTL Elaboration : Time (s): cpu = 00:00:04 ; elapsed = 00:00:04 . Memory (MB): peak = 1357.793 ; gain = 0.000 ; free physical = 59923 ; free virtual = 62409
INFO: [Synth 8-638] synthesizing module 'fifo_generator_0' [/mnt/sda2/new-home/hirayaku/Xilinx/GraphFX/GraphFX.srcs/sources_1/ip/fifo_generator_0/synth/fifo_generator_0.vhd:75]
INFO: [Synth 8-256] done synthesizing module 'fifo_generator_0' (21#1) [/mnt/sda2/new-home/hirayaku/Xilinx/GraphFX/GraphFX.srcs/sources_1/ip/fifo_generator_0/synth/fifo_generator_0.vhd:75]
Finished RTL Elaboration : Time (s): cpu = 00:00:08 ; elapsed = 00:00:08 . Memory (MB): peak = 1357.797 ; gain = 0.004 ; free physical = 59923 ; free virtual = 62411
Finished RTL Optimization Phase 1 : Time (s): cpu = 00:00:08 ; elapsed = 00:00:08 . Memory (MB): peak = 1357.797 ; gain = 0.004 ; free physical = 59924 ; free virtual = 62412
INFO: [Device 21-403] Loading part xcvu13p-flga2577-1-e
Constraint Validation Runtime : Time (s): cpu = 00:00:00.04 ; elapsed = 00:00:00.04 . Memory (MB): peak = 2347.172 ; gain = 1.000 ; free physical = 58664 ; free virtual = 61441
Finished Constraint Validation : Time (s): cpu = 00:00:22 ; elapsed = 00:00:24 . Memory (MB): peak = 2347.172 ; gain = 989.379 ; free physical = 58773 ; free virtual = 61550
Finished Loading Part and Timing Information : Time (s): cpu = 00:00:22 ; elapsed = 00:00:24 . Memory (MB): peak = 2347.172 ; gain = 989.379 ; free physical = 58773 ; free virtual = 61550
Finished applying 'set_property' XDC Constraints : Time (s): cpu = 00:00:22 ; elapsed = 00:00:24 . Memory (MB): peak = 2347.172 ; gain = 989.379 ; free physical = 58775 ; free virtual = 61552
Finished RTL Optimization Phase 2 : Time (s): cpu = 00:00:22 ; elapsed = 00:00:25 . Memory (MB): peak = 2347.172 ; gain = 989.379 ; free physical = 58767 ; free virtual = 61544
Finished Cross Boundary and Area Optimization : Time (s): cpu = 00:00:23 ; elapsed = 00:00:25 . Memory (MB): peak = 2347.172 ; gain = 989.379 ; free physical = 58754 ; free virtual = 61534
---------------------------------------------------------------------------------
Start ROM, RAM, DSP and Shift Register Reporting
---------------------------------------------------------------------------------

Distributed RAM: Preliminary Mapping  Report (see note below)
+------------+-------------------------------------------------------------------------------+----------------+----------------------+------------+
|Module Name | RTL Object                                                                    | Inference      | Size (Depth x Width) | Primitives | 
+------------+-------------------------------------------------------------------------------+----------------+----------------------+------------+
|U0          | inst_fifo_gen/gconvfifo.rf/grf.rf/gntv_or_sync_fifo.mem/gdm.dm_gen.dm/RAM_reg | User Attribute | 16 x 96              |            | 
+------------+-------------------------------------------------------------------------------+----------------+----------------------+------------+

Note: The table above is a preliminary report that shows the Distributed RAMs at the current stage of the synthesis flow. Some Distributed RAMs may be reimplemented as non Distributed RAM primitives later in the synthesis flow. Multiple instantiated RAMs are reported only once.
---------------------------------------------------------------------------------
Finished ROM, RAM, DSP and Shift Register Reporting
---------------------------------------------------------------------------------
Finished Applying XDC Timing Constraints : Time (s): cpu = 00:00:34 ; elapsed = 00:00:37 . Memory (MB): peak = 2670.621 ; gain = 1312.828 ; free physical = 58190 ; free virtual = 61006
Finished Timing Optimization : Time (s): cpu = 00:00:34 ; elapsed = 00:00:38 . Memory (MB): peak = 2681.633 ; gain = 1323.840 ; free physical = 58188 ; free virtual = 61004
Finished Technology Mapping : Time (s): cpu = 00:00:34 ; elapsed = 00:00:38 . Memory (MB): peak = 2692.648 ; gain = 1334.855 ; free physical = 58187 ; free virtual = 61003
Finished IO Insertion : Time (s): cpu = 00:00:35 ; elapsed = 00:00:38 . Memory (MB): peak = 2692.648 ; gain = 1334.855 ; free physical = 58188 ; free virtual = 61004
Finished Renaming Generated Instances : Time (s): cpu = 00:00:35 ; elapsed = 00:00:38 . Memory (MB): peak = 2692.648 ; gain = 1334.855 ; free physical = 58188 ; free virtual = 61004
Finished Rebuilding User Hierarchy : Time (s): cpu = 00:00:35 ; elapsed = 00:00:38 . Memory (MB): peak = 2692.648 ; gain = 1334.855 ; free physical = 58188 ; free virtual = 61004
Finished Renaming Generated Ports : Time (s): cpu = 00:00:35 ; elapsed = 00:00:38 . Memory (MB): peak = 2692.648 ; gain = 1334.855 ; free physical = 58188 ; free virtual = 61004
Finished Handling Custom Attributes : Time (s): cpu = 00:00:35 ; elapsed = 00:00:38 . Memory (MB): peak = 2692.648 ; gain = 1334.855 ; free physical = 58188 ; free virtual = 61004
Finished Renaming Generated Nets : Time (s): cpu = 00:00:35 ; elapsed = 00:00:38 . Memory (MB): peak = 2692.648 ; gain = 1334.855 ; free physical = 58188 ; free virtual = 61004

Report Cell Usage: 
+------+---------+------+
|      |Cell     |Count |
+------+---------+------+
|1     |LUT1     |    13|
|2     |LUT2     |     6|
|3     |LUT3     |     4|
|4     |LUT4     |    12|
|5     |LUT5     |     6|
|6     |LUT6     |     3|
|7     |RAM32M16 |     7|
|8     |FDRE     |   219|
|9     |FDSE     |     9|
+------+---------+------+
Finished Writing Synthesis Report : Time (s): cpu = 00:00:35 ; elapsed = 00:00:38 . Memory (MB): peak = 2692.648 ; gain = 1334.855 ; free physical = 58188 ; free virtual = 61004
synth_design: Time (s): cpu = 00:00:37 ; elapsed = 00:00:41 . Memory (MB): peak = 2797.316 ; gain = 1486.164 ; free physical = 58143 ; free virtual = 60960
